<?xml version="1.0" encoding="UTF-8"?>
<testsuite name="com.example.project.CalculatorTest" tests="10" skipped="0" failures="0" errors="0" timestamp="2024-09-24T12:43:04" hostname="codespaces-c030f8" time="0.117">
  <properties/>
  <testcase name="testDivisibleByFalse()" classname="com.example.project.CalculatorTest" time="0.018"/>
  <testcase name="testInfo()" classname="com.example.project.CalculatorTest" time="0.041"/>
  <testcase name="testDivisibleByTrue()" classname="com.example.project.CalculatorTest" time="0.002"/>
  <testcase name="testCoordinatePair()" classname="com.example.project.CalculatorTest" time="0.014"/>
  <testcase name="testPerformOperationMultiplication()" classname="com.example.project.CalculatorTest" time="0.003"/>
  <testcase name="testPerformOperationNone()" classname="com.example.project.CalculatorTest" time="0.002"/>
  <testcase name="testPerformOperationAddition()" classname="com.example.project.CalculatorTest" time="0.001"/>
  <testcase name="testPerformOperationSubtraction()" classname="com.example.project.CalculatorTest" time="0.002"/>
  <testcase name="testAbsoluteValue()" classname="com.example.project.CalculatorTest" time="0.006"/>
  <testcase name="testPerformOperationDivision()" classname="com.example.project.CalculatorTest" time="0.0"/>
  <system-out><![CDATA[]]></system-out>
  <system-err><![CDATA[]]></system-err>
</testsuite>
